<?xml version="1.0" encoding="UTF-8"?>
<testng-results ignored="0" total="1" passed="1" failed="0" skipped="0">
  <reporter-output>
  </reporter-output>
  <suite started-at="2022-06-01T15:34:31 IST" name="Default suite" finished-at="2022-06-01T15:34:37 IST" duration-ms="5363">
    <groups>
    </groups>
    <test started-at="2022-06-01T15:34:31 IST" name="Default test" finished-at="2022-06-01T15:34:37 IST" duration-ms="5363">
      <class name="colourmoon.doctors.Homepage">
        <test-method signature="open()[pri:0, instance:colourmoon.doctors.Homepage@52af26ee]" started-at="2022-06-01T15:34:31 IST" name="open" finished-at="2022-06-01T15:34:37 IST" duration-ms="5281" status="PASS">
          <reporter-output>
          </reporter-output>
        </test-method> <!-- open -->
      </class> <!-- colourmoon.doctors.Homepage -->
    </test> <!-- Default test -->
  </suite> <!-- Default suite -->
</testng-results>
