<?xml version="1.0" encoding="UTF-8"?>
<testng-results ignored="0" total="1" passed="1" failed="0" skipped="0">
  <reporter-output>
  </reporter-output>
  <suite started-at="2022-06-08T16:49:28 IST" name="Default suite" finished-at="2022-06-08T16:49:38 IST" duration-ms="10101">
    <groups>
    </groups>
    <test started-at="2022-06-08T16:49:28 IST" name="Default test" finished-at="2022-06-08T16:49:38 IST" duration-ms="10101">
      <class name="colourmoon.doctors.validatetitle">
        <test-method is-config="true" signature="opens()[pri:0, instance:colourmoon.doctors.validatetitle@71a8adcf]" started-at="2022-06-08T16:49:28 IST" name="opens" finished-at="2022-06-08T16:49:33 IST" duration-ms="4701" status="PASS">
          <reporter-output>
          </reporter-output>
        </test-method> <!-- opens -->
        <test-method signature="open()[pri:0, instance:colourmoon.doctors.validatetitle@71a8adcf]" started-at="2022-06-08T16:49:33 IST" name="open" finished-at="2022-06-08T16:49:33 IST" duration-ms="89" status="PASS">
          <reporter-output>
          </reporter-output>
        </test-method> <!-- open -->
        <test-method is-config="true" signature="teardown()[pri:0, instance:colourmoon.doctors.validatetitle@71a8adcf]" started-at="2022-06-08T16:49:33 IST" name="teardown" finished-at="2022-06-08T16:49:38 IST" duration-ms="5207" status="PASS">
          <reporter-output>
          </reporter-output>
        </test-method> <!-- teardown -->
      </class> <!-- colourmoon.doctors.validatetitle -->
    </test> <!-- Default test -->
  </suite> <!-- Default suite -->
</testng-results>
